[2026-01-09T11:13:15.992Z] GET /api/stagiaire/test-auth
Headers: {
  "authorization": "Bearer real-token-test",
  "user-agent": "Mozilla/5.0 (Windows NT; Windows NT 10.0; en-US) WindowsPowerShell/5.1.26100.7462",
  "host": "127.0.0.1:3000",
  "connection": "Keep-Alive"
}

[2026-01-09T11:13:55.857Z] POST /api/login
Headers: {
  "host": "127.0.0.1:3000",
  "connection": "keep-alive",
  "content-length": "46",
  "sec-ch-ua-platform": "\"Windows\"",
  "user-agent": "Mozilla/5.0 (Windows NT 10.0; Win64; x64) AppleWebKit/537.36 (KHTML, like Gecko) Chrome/143.0.0.0 Safari/537.36",
  "accept": "application/json",
  "sec-ch-ua": "\"Brave\";v=\"143\", \"Chromium\";v=\"143\", \"Not A(Brand\";v=\"24\"",
  "content-type": "application/json",
  "sec-ch-ua-mobile": "?0",
  "x-client-ip": "102.18.12.50",
  "sec-gpc": "1",
  "accept-language": "fr-FR,fr;q=0.8",
  "origin": "http://localhost:5173",
  "sec-fetch-site": "cross-site",
  "sec-fetch-mode": "cors",
  "sec-fetch-dest": "empty",
  "referer": "http://localhost:5173/",
  "accept-encoding": "gzip, deflate, br, zstd"
}

[2026-01-09T11:13:56.056Z] GET /api/stagiaire/contacts/commerciaux
Headers: {
  "host": "127.0.0.1:3000",
  "connection": "keep-alive",
  "sec-ch-ua-platform": "\"Windows\"",
  "authorization": "Bearer undefined",
  "user-agent": "Mozilla/5.0 (Windows NT 10.0; Win64; x64) AppleWebKit/537.36 (KHTML, like Gecko) Chrome/143.0.0.0 Safari/537.36",
  "accept": "application/json, text/plain, */*",
  "sec-ch-ua": "\"Brave\";v=\"143\", \"Chromium\";v=\"143\", \"Not A(Brand\";v=\"24\"",
  "sec-ch-ua-mobile": "?0",
  "sec-gpc": "1",
  "accept-language": "fr-FR,fr;q=0.8",
  "origin": "http://localhost:5173",
  "sec-fetch-site": "cross-site",
  "sec-fetch-mode": "cors",
  "sec-fetch-dest": "empty",
  "referer": "http://localhost:5173/",
  "accept-encoding": "gzip, deflate, br, zstd"
}

[2026-01-09T11:13:56.061Z] GET /api/stagiaire/contacts/formateurs
Headers: {
  "host": "127.0.0.1:3000",
  "connection": "keep-alive",
  "sec-ch-ua-platform": "\"Windows\"",
  "authorization": "Bearer undefined",
  "user-agent": "Mozilla/5.0 (Windows NT 10.0; Win64; x64) AppleWebKit/537.36 (KHTML, like Gecko) Chrome/143.0.0.0 Safari/537.36",
  "accept": "application/json, text/plain, */*",
  "sec-ch-ua": "\"Brave\";v=\"143\", \"Chromium\";v=\"143\", \"Not A(Brand\";v=\"24\"",
  "sec-ch-ua-mobile": "?0",
  "sec-gpc": "1",
  "accept-language": "fr-FR,fr;q=0.8",
  "origin": "http://localhost:5173",
  "sec-fetch-site": "cross-site",
  "sec-fetch-mode": "cors",
  "sec-fetch-dest": "empty",
  "referer": "http://localhost:5173/",
  "accept-encoding": "gzip, deflate, br, zstd"
}

[2026-01-09T11:13:56.068Z] GET /api/stagiaire/contacts/pole-relation
Headers: {
  "host": "127.0.0.1:3000",
  "connection": "keep-alive",
  "sec-ch-ua-platform": "\"Windows\"",
  "authorization": "Bearer undefined",
  "user-agent": "Mozilla/5.0 (Windows NT 10.0; Win64; x64) AppleWebKit/537.36 (KHTML, like Gecko) Chrome/143.0.0.0 Safari/537.36",
  "accept": "application/json, text/plain, */*",
  "sec-ch-ua": "\"Brave\";v=\"143\", \"Chromium\";v=\"143\", \"Not A(Brand\";v=\"24\"",
  "sec-ch-ua-mobile": "?0",
  "sec-gpc": "1",
  "accept-language": "fr-FR,fr;q=0.8",
  "origin": "http://localhost:5173",
  "sec-fetch-site": "cross-site",
  "sec-fetch-mode": "cors",
  "sec-fetch-dest": "empty",
  "referer": "http://localhost:5173/",
  "accept-encoding": "gzip, deflate, br, zstd"
}

[2026-01-09T11:13:56.071Z] GET /api/stagiaire/contacts/pole-save
Headers: {
  "host": "127.0.0.1:3000",
  "connection": "keep-alive",
  "sec-ch-ua-platform": "\"Windows\"",
  "authorization": "Bearer undefined",
  "user-agent": "Mozilla/5.0 (Windows NT 10.0; Win64; x64) AppleWebKit/537.36 (KHTML, like Gecko) Chrome/143.0.0.0 Safari/537.36",
  "accept": "application/json, text/plain, */*",
  "sec-ch-ua": "\"Brave\";v=\"143\", \"Chromium\";v=\"143\", \"Not A(Brand\";v=\"24\"",
  "sec-ch-ua-mobile": "?0",
  "sec-gpc": "1",
  "accept-language": "fr-FR,fr;q=0.8",
  "origin": "http://localhost:5173",
  "sec-fetch-site": "cross-site",
  "sec-fetch-mode": "cors",
  "sec-fetch-dest": "empty",
  "referer": "http://localhost:5173/",
  "accept-encoding": "gzip, deflate, br, zstd"
}

[2026-01-09T11:13:56.076Z] GET /api/stagiaire/quizzes
Headers: {
  "host": "127.0.0.1:3000",
  "connection": "keep-alive",
  "sec-ch-ua-platform": "\"Windows\"",
  "authorization": "Bearer undefined",
  "user-agent": "Mozilla/5.0 (Windows NT 10.0; Win64; x64) AppleWebKit/537.36 (KHTML, like Gecko) Chrome/143.0.0.0 Safari/537.36",
  "accept": "application/json, text/plain, */*",
  "sec-ch-ua": "\"Brave\";v=\"143\", \"Chromium\";v=\"143\", \"Not A(Brand\";v=\"24\"",
  "sec-ch-ua-mobile": "?0",
  "sec-gpc": "1",
  "accept-language": "fr-FR,fr;q=0.8",
  "origin": "http://localhost:5173",
  "sec-fetch-site": "cross-site",
  "sec-fetch-mode": "cors",
  "sec-fetch-dest": "empty",
  "referer": "http://localhost:5173/",
  "accept-encoding": "gzip, deflate, br, zstd"
}

[2026-01-09T11:13:56.079Z] GET /api/quiz/history
Headers: {
  "host": "127.0.0.1:3000",
  "connection": "keep-alive",
  "sec-ch-ua-platform": "\"Windows\"",
  "authorization": "Bearer undefined",
  "user-agent": "Mozilla/5.0 (Windows NT 10.0; Win64; x64) AppleWebKit/537.36 (KHTML, like Gecko) Chrome/143.0.0.0 Safari/537.36",
  "accept": "application/json, text/plain, */*",
  "sec-ch-ua": "\"Brave\";v=\"143\", \"Chromium\";v=\"143\", \"Not A(Brand\";v=\"24\"",
  "sec-ch-ua-mobile": "?0",
  "sec-gpc": "1",
  "accept-language": "fr-FR,fr;q=0.8",
  "origin": "http://localhost:5173",
  "sec-fetch-site": "cross-site",
  "sec-fetch-mode": "cors",
  "sec-fetch-dest": "empty",
  "referer": "http://localhost:5173/",
  "accept-encoding": "gzip, deflate, br, zstd"
}

[2026-01-09T11:13:56.082Z] GET /api/stagiaire/profile
Headers: {
  "host": "127.0.0.1:3000",
  "connection": "keep-alive",
  "sec-ch-ua-platform": "\"Windows\"",
  "authorization": "Bearer undefined",
  "user-agent": "Mozilla/5.0 (Windows NT 10.0; Win64; x64) AppleWebKit/537.36 (KHTML, like Gecko) Chrome/143.0.0.0 Safari/537.36",
  "accept": "application/json, text/plain, */*",
  "sec-ch-ua": "\"Brave\";v=\"143\", \"Chromium\";v=\"143\", \"Not A(Brand\";v=\"24\"",
  "sec-ch-ua-mobile": "?0",
  "sec-gpc": "1",
  "accept-language": "fr-FR,fr;q=0.8",
  "origin": "http://localhost:5173",
  "sec-fetch-site": "cross-site",
  "sec-fetch-mode": "cors",
  "sec-fetch-dest": "empty",
  "referer": "http://localhost:5173/",
  "accept-encoding": "gzip, deflate, br, zstd"
}

[2026-01-09T11:13:56.087Z] GET /api/classement/points
Headers: {
  "host": "127.0.0.1:3000",
  "connection": "keep-alive",
  "sec-ch-ua-platform": "\"Windows\"",
  "authorization": "Bearer undefined",
  "user-agent": "Mozilla/5.0 (Windows NT 10.0; Win64; x64) AppleWebKit/537.36 (KHTML, like Gecko) Chrome/143.0.0.0 Safari/537.36",
  "accept": "application/json, text/plain, */*",
  "sec-ch-ua": "\"Brave\";v=\"143\", \"Chromium\";v=\"143\", \"Not A(Brand\";v=\"24\"",
  "sec-ch-ua-mobile": "?0",
  "sec-gpc": "1",
  "accept-language": "fr-FR,fr;q=0.8",
  "origin": "http://localhost:5173",
  "sec-fetch-site": "cross-site",
  "sec-fetch-mode": "cors",
  "sec-fetch-dest": "empty",
  "referer": "http://localhost:5173/",
  "accept-encoding": "gzip, deflate, br, zstd"
}

[2026-01-09T11:13:56.093Z] GET /api/quiz/history
Headers: {
  "host": "127.0.0.1:3000",
  "connection": "keep-alive",
  "sec-ch-ua-platform": "\"Windows\"",
  "authorization": "Bearer undefined",
  "user-agent": "Mozilla/5.0 (Windows NT 10.0; Win64; x64) AppleWebKit/537.36 (KHTML, like Gecko) Chrome/143.0.0.0 Safari/537.36",
  "accept": "application/json, text/plain, */*",
  "sec-ch-ua": "\"Brave\";v=\"143\", \"Chromium\";v=\"143\", \"Not A(Brand\";v=\"24\"",
  "sec-ch-ua-mobile": "?0",
  "sec-gpc": "1",
  "accept-language": "fr-FR,fr;q=0.8",
  "origin": "http://localhost:5173",
  "sec-fetch-site": "cross-site",
  "sec-fetch-mode": "cors",
  "sec-fetch-dest": "empty",
  "referer": "http://localhost:5173/",
  "accept-encoding": "gzip, deflate, br, zstd"
}

[2026-01-09T11:13:56.098Z] GET /api/stagiaire/profile
Headers: {
  "host": "127.0.0.1:3000",
  "connection": "keep-alive",
  "sec-ch-ua-platform": "\"Windows\"",
  "authorization": "Bearer undefined",
  "user-agent": "Mozilla/5.0 (Windows NT 10.0; Win64; x64) AppleWebKit/537.36 (KHTML, like Gecko) Chrome/143.0.0.0 Safari/537.36",
  "accept": "application/json, text/plain, */*",
  "sec-ch-ua": "\"Brave\";v=\"143\", \"Chromium\";v=\"143\", \"Not A(Brand\";v=\"24\"",
  "sec-ch-ua-mobile": "?0",
  "sec-gpc": "1",
  "accept-language": "fr-FR,fr;q=0.8",
  "origin": "http://localhost:5173",
  "sec-fetch-site": "cross-site",
  "sec-fetch-mode": "cors",
  "sec-fetch-dest": "empty",
  "referer": "http://localhost:5173/",
  "accept-encoding": "gzip, deflate, br, zstd"
}

[2026-01-09T11:13:56.101Z] GET /api/stagiaire/contacts
Headers: {
  "host": "127.0.0.1:3000",
  "connection": "keep-alive",
  "sec-ch-ua-platform": "\"Windows\"",
  "authorization": "Bearer undefined",
  "user-agent": "Mozilla/5.0 (Windows NT 10.0; Win64; x64) AppleWebKit/537.36 (KHTML, like Gecko) Chrome/143.0.0.0 Safari/537.36",
  "accept": "application/json, text/plain, */*",
  "sec-ch-ua": "\"Brave\";v=\"143\", \"Chromium\";v=\"143\", \"Not A(Brand\";v=\"24\"",
  "sec-ch-ua-mobile": "?0",
  "sec-gpc": "1",
  "accept-language": "fr-FR,fr;q=0.8",
  "origin": "http://localhost:5173",
  "sec-fetch-site": "cross-site",
  "sec-fetch-mode": "cors",
  "sec-fetch-dest": "empty",
  "referer": "http://localhost:5173/",
  "accept-encoding": "gzip, deflate, br, zstd"
}

[2026-01-09T11:13:56.105Z] GET /api/quiz/categories
Headers: {
  "host": "127.0.0.1:3000",
  "connection": "keep-alive",
  "sec-ch-ua-platform": "\"Windows\"",
  "authorization": "Bearer undefined",
  "user-agent": "Mozilla/5.0 (Windows NT 10.0; Win64; x64) AppleWebKit/537.36 (KHTML, like Gecko) Chrome/143.0.0.0 Safari/537.36",
  "accept": "application/json, text/plain, */*",
  "sec-ch-ua": "\"Brave\";v=\"143\", \"Chromium\";v=\"143\", \"Not A(Brand\";v=\"24\"",
  "sec-ch-ua-mobile": "?0",
  "sec-gpc": "1",
  "accept-language": "fr-FR,fr;q=0.8",
  "origin": "http://localhost:5173",
  "sec-fetch-site": "cross-site",
  "sec-fetch-mode": "cors",
  "sec-fetch-dest": "empty",
  "referer": "http://localhost:5173/",
  "accept-encoding": "gzip, deflate, br, zstd",
  "if-none-match": "W/\"35-8W9hqkz7fZDRRqRU89tC9x0cVKQ\""
}

[2026-01-09T11:13:56.111Z] GET /api/catalogueFormations/formations
Headers: {
  "host": "127.0.0.1:3000",
  "connection": "keep-alive",
  "sec-ch-ua-platform": "\"Windows\"",
  "authorization": "Bearer undefined",
  "user-agent": "Mozilla/5.0 (Windows NT 10.0; Win64; x64) AppleWebKit/537.36 (KHTML, like Gecko) Chrome/143.0.0.0 Safari/537.36",
  "accept": "application/json, text/plain, */*",
  "sec-ch-ua": "\"Brave\";v=\"143\", \"Chromium\";v=\"143\", \"Not A(Brand\";v=\"24\"",
  "sec-ch-ua-mobile": "?0",
  "sec-gpc": "1",
  "accept-language": "fr-FR,fr;q=0.8",
  "origin": "http://localhost:5173",
  "sec-fetch-site": "cross-site",
  "sec-fetch-mode": "cors",
  "sec-fetch-dest": "empty",
  "referer": "http://localhost:5173/",
  "accept-encoding": "gzip, deflate, br, zstd",
  "if-none-match": "W/\"ff49-GcxFdPU2dJnPclEfzvnSjEhLjAc\""
}

[2026-01-09T11:13:56.116Z] GET /api/classement/points
Headers: {
  "host": "127.0.0.1:3000",
  "connection": "keep-alive",
  "sec-ch-ua-platform": "\"Windows\"",
  "authorization": "Bearer undefined",
  "user-agent": "Mozilla/5.0 (Windows NT 10.0; Win64; x64) AppleWebKit/537.36 (KHTML, like Gecko) Chrome/143.0.0.0 Safari/537.36",
  "accept": "application/json, text/plain, */*",
  "sec-ch-ua": "\"Brave\";v=\"143\", \"Chromium\";v=\"143\", \"Not A(Brand\";v=\"24\"",
  "sec-ch-ua-mobile": "?0",
  "sec-gpc": "1",
  "accept-language": "fr-FR,fr;q=0.8",
  "origin": "http://localhost:5173",
  "sec-fetch-site": "cross-site",
  "sec-fetch-mode": "cors",
  "sec-fetch-dest": "empty",
  "referer": "http://localhost:5173/",
  "accept-encoding": "gzip, deflate, br, zstd"
}

[2026-01-09T11:13:56.136Z] GET /api/catalogueFormations/formations
Headers: {
  "host": "127.0.0.1:3000",
  "connection": "keep-alive",
  "sec-ch-ua-platform": "\"Windows\"",
  "authorization": "Bearer undefined",
  "user-agent": "Mozilla/5.0 (Windows NT 10.0; Win64; x64) AppleWebKit/537.36 (KHTML, like Gecko) Chrome/143.0.0.0 Safari/537.36",
  "accept": "application/json, text/plain, */*",
  "sec-ch-ua": "\"Brave\";v=\"143\", \"Chromium\";v=\"143\", \"Not A(Brand\";v=\"24\"",
  "sec-ch-ua-mobile": "?0",
  "sec-gpc": "1",
  "accept-language": "fr-FR,fr;q=0.8",
  "origin": "http://localhost:5173",
  "sec-fetch-site": "cross-site",
  "sec-fetch-mode": "cors",
  "sec-fetch-dest": "empty",
  "referer": "http://localhost:5173/",
  "accept-encoding": "gzip, deflate, br, zstd",
  "if-none-match": "W/\"ff49-GcxFdPU2dJnPclEfzvnSjEhLjAc\""
}

[2026-01-09T11:16:47.026Z] GET /
Headers: {
  "host": "localhost:3000",
  "connection": "keep-alive",
  "sec-ch-ua-platform": "\"Windows\"",
  "user-agent": "Mozilla/5.0 (Windows NT 10.0; Win64; x64) AppleWebKit/537.36 (KHTML, like Gecko) Chrome/143.0.0.0 Safari/537.36",
  "accept": "*/*",
  "sec-ch-ua": "\"Brave\";v=\"143\", \"Chromium\";v=\"143\", \"Not A(Brand\";v=\"24\"",
  "sec-ch-ua-mobile": "?0",
  "sec-gpc": "1",
  "accept-language": "fr-FR,fr;q=0.8",
  "sec-fetch-site": "same-origin",
  "sec-fetch-mode": "cors",
  "sec-fetch-dest": "empty",
  "referer": "http://localhost:3000/api/docs",
  "accept-encoding": "gzip, deflate, br, zstd",
  "if-none-match": "W/\"bc-t58+shTXRciSypXCZZyiUEhX83c\""
}

[2026-01-09T11:16:55.142Z] POST /api/login
Headers: {
  "host": "localhost:3000",
  "connection": "keep-alive",
  "content-length": "0",
  "sec-ch-ua-platform": "\"Windows\"",
  "user-agent": "Mozilla/5.0 (Windows NT 10.0; Win64; x64) AppleWebKit/537.36 (KHTML, like Gecko) Chrome/143.0.0.0 Safari/537.36",
  "accept": "*/*",
  "sec-ch-ua": "\"Brave\";v=\"143\", \"Chromium\";v=\"143\", \"Not A(Brand\";v=\"24\"",
  "sec-ch-ua-mobile": "?0",
  "sec-gpc": "1",
  "accept-language": "fr-FR,fr;q=0.8",
  "origin": "http://localhost:3000",
  "sec-fetch-site": "same-origin",
  "sec-fetch-mode": "cors",
  "sec-fetch-dest": "empty",
  "referer": "http://localhost:3000/api/docs",
  "accept-encoding": "gzip, deflate, br, zstd"
}

[2026-01-09T11:16:57.042Z] POST /api/login
Headers: {
  "host": "localhost:3000",
  "connection": "keep-alive",
  "content-length": "0",
  "sec-ch-ua-platform": "\"Windows\"",
  "user-agent": "Mozilla/5.0 (Windows NT 10.0; Win64; x64) AppleWebKit/537.36 (KHTML, like Gecko) Chrome/143.0.0.0 Safari/537.36",
  "accept": "*/*",
  "sec-ch-ua": "\"Brave\";v=\"143\", \"Chromium\";v=\"143\", \"Not A(Brand\";v=\"24\"",
  "sec-ch-ua-mobile": "?0",
  "sec-gpc": "1",
  "accept-language": "fr-FR,fr;q=0.8",
  "origin": "http://localhost:3000",
  "sec-fetch-site": "same-origin",
  "sec-fetch-mode": "cors",
  "sec-fetch-dest": "empty",
  "referer": "http://localhost:3000/api/docs",
  "accept-encoding": "gzip, deflate, br, zstd"
}

[2026-01-09T11:17:03.787Z] GET /api/me
Headers: {
  "host": "localhost:3000",
  "connection": "keep-alive",
  "sec-ch-ua-platform": "\"Windows\"",
  "user-agent": "Mozilla/5.0 (Windows NT 10.0; Win64; x64) AppleWebKit/537.36 (KHTML, like Gecko) Chrome/143.0.0.0 Safari/537.36",
  "accept": "*/*",
  "sec-ch-ua": "\"Brave\";v=\"143\", \"Chromium\";v=\"143\", \"Not A(Brand\";v=\"24\"",
  "sec-ch-ua-mobile": "?0",
  "sec-gpc": "1",
  "accept-language": "fr-FR,fr;q=0.8",
  "sec-fetch-site": "same-origin",
  "sec-fetch-mode": "cors",
  "sec-fetch-dest": "empty",
  "referer": "http://localhost:3000/api/docs",
  "accept-encoding": "gzip, deflate, br, zstd"
}

[2026-01-09T11:17:05.738Z] GET /api/me
Headers: {
  "host": "localhost:3000",
  "connection": "keep-alive",
  "sec-ch-ua-platform": "\"Windows\"",
  "user-agent": "Mozilla/5.0 (Windows NT 10.0; Win64; x64) AppleWebKit/537.36 (KHTML, like Gecko) Chrome/143.0.0.0 Safari/537.36",
  "accept": "*/*",
  "sec-ch-ua": "\"Brave\";v=\"143\", \"Chromium\";v=\"143\", \"Not A(Brand\";v=\"24\"",
  "sec-ch-ua-mobile": "?0",
  "sec-gpc": "1",
  "accept-language": "fr-FR,fr;q=0.8",
  "sec-fetch-site": "same-origin",
  "sec-fetch-mode": "cors",
  "sec-fetch-dest": "empty",
  "referer": "http://localhost:3000/api/docs",
  "accept-encoding": "gzip, deflate, br, zstd"
}

[2026-01-09T11:17:10.013Z] GET /api/user
Headers: {
  "host": "localhost:3000",
  "connection": "keep-alive",
  "sec-ch-ua-platform": "\"Windows\"",
  "user-agent": "Mozilla/5.0 (Windows NT 10.0; Win64; x64) AppleWebKit/537.36 (KHTML, like Gecko) Chrome/143.0.0.0 Safari/537.36",
  "accept": "*/*",
  "sec-ch-ua": "\"Brave\";v=\"143\", \"Chromium\";v=\"143\", \"Not A(Brand\";v=\"24\"",
  "sec-ch-ua-mobile": "?0",
  "sec-gpc": "1",
  "accept-language": "fr-FR,fr;q=0.8",
  "sec-fetch-site": "same-origin",
  "sec-fetch-mode": "cors",
  "sec-fetch-dest": "empty",
  "referer": "http://localhost:3000/api/docs",
  "accept-encoding": "gzip, deflate, br, zstd"
}

[2026-01-09T11:17:28.754Z] POST /api/login
Headers: {
  "host": "127.0.0.1:3000",
  "connection": "keep-alive",
  "content-length": "46",
  "sec-ch-ua-platform": "\"Windows\"",
  "user-agent": "Mozilla/5.0 (Windows NT 10.0; Win64; x64) AppleWebKit/537.36 (KHTML, like Gecko) Chrome/143.0.0.0 Safari/537.36",
  "accept": "application/json",
  "sec-ch-ua": "\"Brave\";v=\"143\", \"Chromium\";v=\"143\", \"Not A(Brand\";v=\"24\"",
  "content-type": "application/json",
  "sec-ch-ua-mobile": "?0",
  "x-client-ip": "102.18.12.50",
  "sec-gpc": "1",
  "accept-language": "fr-FR,fr;q=0.8",
  "origin": "http://localhost:5173",
  "sec-fetch-site": "cross-site",
  "sec-fetch-mode": "cors",
  "sec-fetch-dest": "empty",
  "referer": "http://localhost:5173/",
  "accept-encoding": "gzip, deflate, br, zstd"
}

[2026-01-09T11:17:29.254Z] GET /api/stagiaire/contacts/commerciaux
Headers: {
  "host": "127.0.0.1:3000",
  "connection": "keep-alive",
  "sec-ch-ua-platform": "\"Windows\"",
  "authorization": "Bearer undefined",
  "user-agent": "Mozilla/5.0 (Windows NT 10.0; Win64; x64) AppleWebKit/537.36 (KHTML, like Gecko) Chrome/143.0.0.0 Safari/537.36",
  "accept": "application/json, text/plain, */*",
  "sec-ch-ua": "\"Brave\";v=\"143\", \"Chromium\";v=\"143\", \"Not A(Brand\";v=\"24\"",
  "sec-ch-ua-mobile": "?0",
  "sec-gpc": "1",
  "accept-language": "fr-FR,fr;q=0.8",
  "origin": "http://localhost:5173",
  "sec-fetch-site": "cross-site",
  "sec-fetch-mode": "cors",
  "sec-fetch-dest": "empty",
  "referer": "http://localhost:5173/",
  "accept-encoding": "gzip, deflate, br, zstd"
}

[2026-01-09T11:17:29.259Z] GET /api/stagiaire/contacts/formateurs
Headers: {
  "host": "127.0.0.1:3000",
  "connection": "keep-alive",
  "sec-ch-ua-platform": "\"Windows\"",
  "authorization": "Bearer undefined",
  "user-agent": "Mozilla/5.0 (Windows NT 10.0; Win64; x64) AppleWebKit/537.36 (KHTML, like Gecko) Chrome/143.0.0.0 Safari/537.36",
  "accept": "application/json, text/plain, */*",
  "sec-ch-ua": "\"Brave\";v=\"143\", \"Chromium\";v=\"143\", \"Not A(Brand\";v=\"24\"",
  "sec-ch-ua-mobile": "?0",
  "sec-gpc": "1",
  "accept-language": "fr-FR,fr;q=0.8",
  "origin": "http://localhost:5173",
  "sec-fetch-site": "cross-site",
  "sec-fetch-mode": "cors",
  "sec-fetch-dest": "empty",
  "referer": "http://localhost:5173/",
  "accept-encoding": "gzip, deflate, br, zstd"
}

[2026-01-09T11:17:29.264Z] GET /api/stagiaire/contacts/pole-relation
Headers: {
  "host": "127.0.0.1:3000",
  "connection": "keep-alive",
  "sec-ch-ua-platform": "\"Windows\"",
  "authorization": "Bearer undefined",
  "user-agent": "Mozilla/5.0 (Windows NT 10.0; Win64; x64) AppleWebKit/537.36 (KHTML, like Gecko) Chrome/143.0.0.0 Safari/537.36",
  "accept": "application/json, text/plain, */*",
  "sec-ch-ua": "\"Brave\";v=\"143\", \"Chromium\";v=\"143\", \"Not A(Brand\";v=\"24\"",
  "sec-ch-ua-mobile": "?0",
  "sec-gpc": "1",
  "accept-language": "fr-FR,fr;q=0.8",
  "origin": "http://localhost:5173",
  "sec-fetch-site": "cross-site",
  "sec-fetch-mode": "cors",
  "sec-fetch-dest": "empty",
  "referer": "http://localhost:5173/",
  "accept-encoding": "gzip, deflate, br, zstd"
}

[2026-01-09T11:17:29.267Z] GET /api/stagiaire/contacts/pole-save
Headers: {
  "host": "127.0.0.1:3000",
  "connection": "keep-alive",
  "sec-ch-ua-platform": "\"Windows\"",
  "authorization": "Bearer undefined",
  "user-agent": "Mozilla/5.0 (Windows NT 10.0; Win64; x64) AppleWebKit/537.36 (KHTML, like Gecko) Chrome/143.0.0.0 Safari/537.36",
  "accept": "application/json, text/plain, */*",
  "sec-ch-ua": "\"Brave\";v=\"143\", \"Chromium\";v=\"143\", \"Not A(Brand\";v=\"24\"",
  "sec-ch-ua-mobile": "?0",
  "sec-gpc": "1",
  "accept-language": "fr-FR,fr;q=0.8",
  "origin": "http://localhost:5173",
  "sec-fetch-site": "cross-site",
  "sec-fetch-mode": "cors",
  "sec-fetch-dest": "empty",
  "referer": "http://localhost:5173/",
  "accept-encoding": "gzip, deflate, br, zstd"
}

[2026-01-09T11:17:29.270Z] GET /api/stagiaire/quizzes
Headers: {
  "host": "127.0.0.1:3000",
  "connection": "keep-alive",
  "sec-ch-ua-platform": "\"Windows\"",
  "authorization": "Bearer undefined",
  "user-agent": "Mozilla/5.0 (Windows NT 10.0; Win64; x64) AppleWebKit/537.36 (KHTML, like Gecko) Chrome/143.0.0.0 Safari/537.36",
  "accept": "application/json, text/plain, */*",
  "sec-ch-ua": "\"Brave\";v=\"143\", \"Chromium\";v=\"143\", \"Not A(Brand\";v=\"24\"",
  "sec-ch-ua-mobile": "?0",
  "sec-gpc": "1",
  "accept-language": "fr-FR,fr;q=0.8",
  "origin": "http://localhost:5173",
  "sec-fetch-site": "cross-site",
  "sec-fetch-mode": "cors",
  "sec-fetch-dest": "empty",
  "referer": "http://localhost:5173/",
  "accept-encoding": "gzip, deflate, br, zstd"
}

[2026-01-09T11:17:29.273Z] GET /api/quiz/history
Headers: {
  "host": "127.0.0.1:3000",
  "connection": "keep-alive",
  "sec-ch-ua-platform": "\"Windows\"",
  "authorization": "Bearer undefined",
  "user-agent": "Mozilla/5.0 (Windows NT 10.0; Win64; x64) AppleWebKit/537.36 (KHTML, like Gecko) Chrome/143.0.0.0 Safari/537.36",
  "accept": "application/json, text/plain, */*",
  "sec-ch-ua": "\"Brave\";v=\"143\", \"Chromium\";v=\"143\", \"Not A(Brand\";v=\"24\"",
  "sec-ch-ua-mobile": "?0",
  "sec-gpc": "1",
  "accept-language": "fr-FR,fr;q=0.8",
  "origin": "http://localhost:5173",
  "sec-fetch-site": "cross-site",
  "sec-fetch-mode": "cors",
  "sec-fetch-dest": "empty",
  "referer": "http://localhost:5173/",
  "accept-encoding": "gzip, deflate, br, zstd"
}

[2026-01-09T11:17:29.278Z] GET /api/catalogueFormations/stagiaire
Headers: {
  "host": "127.0.0.1:3000",
  "connection": "keep-alive",
  "sec-ch-ua-platform": "\"Windows\"",
  "authorization": "Bearer undefined",
  "user-agent": "Mozilla/5.0 (Windows NT 10.0; Win64; x64) AppleWebKit/537.36 (KHTML, like Gecko) Chrome/143.0.0.0 Safari/537.36",
  "accept": "application/json, text/plain, */*",
  "sec-ch-ua": "\"Brave\";v=\"143\", \"Chromium\";v=\"143\", \"Not A(Brand\";v=\"24\"",
  "sec-ch-ua-mobile": "?0",
  "sec-gpc": "1",
  "accept-language": "fr-FR,fr;q=0.8",
  "origin": "http://localhost:5173",
  "sec-fetch-site": "cross-site",
  "sec-fetch-mode": "cors",
  "sec-fetch-dest": "empty",
  "referer": "http://localhost:5173/",
  "accept-encoding": "gzip, deflate, br, zstd"
}

[2026-01-09T11:17:29.288Z] GET /api/quiz/history
Headers: {
  "host": "127.0.0.1:3000",
  "connection": "keep-alive",
  "sec-ch-ua-platform": "\"Windows\"",
  "authorization": "Bearer undefined",
  "user-agent": "Mozilla/5.0 (Windows NT 10.0; Win64; x64) AppleWebKit/537.36 (KHTML, like Gecko) Chrome/143.0.0.0 Safari/537.36",
  "accept": "application/json, text/plain, */*",
  "sec-ch-ua": "\"Brave\";v=\"143\", \"Chromium\";v=\"143\", \"Not A(Brand\";v=\"24\"",
  "sec-ch-ua-mobile": "?0",
  "sec-gpc": "1",
  "accept-language": "fr-FR,fr;q=0.8",
  "origin": "http://localhost:5173",
  "sec-fetch-site": "cross-site",
  "sec-fetch-mode": "cors",
  "sec-fetch-dest": "empty",
  "referer": "http://localhost:5173/",
  "accept-encoding": "gzip, deflate, br, zstd"
}

[2026-01-09T11:17:29.292Z] GET /api/stagiaire/profile
Headers: {
  "host": "127.0.0.1:3000",
  "connection": "keep-alive",
  "sec-ch-ua-platform": "\"Windows\"",
  "authorization": "Bearer undefined",
  "user-agent": "Mozilla/5.0 (Windows NT 10.0; Win64; x64) AppleWebKit/537.36 (KHTML, like Gecko) Chrome/143.0.0.0 Safari/537.36",
  "accept": "application/json, text/plain, */*",
  "sec-ch-ua": "\"Brave\";v=\"143\", \"Chromium\";v=\"143\", \"Not A(Brand\";v=\"24\"",
  "sec-ch-ua-mobile": "?0",
  "sec-gpc": "1",
  "accept-language": "fr-FR,fr;q=0.8",
  "origin": "http://localhost:5173",
  "sec-fetch-site": "cross-site",
  "sec-fetch-mode": "cors",
  "sec-fetch-dest": "empty",
  "referer": "http://localhost:5173/",
  "accept-encoding": "gzip, deflate, br, zstd"
}

[2026-01-09T11:17:29.297Z] GET /api/catalogueFormations/stagiaire
Headers: {
  "host": "127.0.0.1:3000",
  "connection": "keep-alive",
  "sec-ch-ua-platform": "\"Windows\"",
  "authorization": "Bearer undefined",
  "user-agent": "Mozilla/5.0 (Windows NT 10.0; Win64; x64) AppleWebKit/537.36 (KHTML, like Gecko) Chrome/143.0.0.0 Safari/537.36",
  "accept": "application/json, text/plain, */*",
  "sec-ch-ua": "\"Brave\";v=\"143\", \"Chromium\";v=\"143\", \"Not A(Brand\";v=\"24\"",
  "sec-ch-ua-mobile": "?0",
  "sec-gpc": "1",
  "accept-language": "fr-FR,fr;q=0.8",
  "origin": "http://localhost:5173",
  "sec-fetch-site": "cross-site",
  "sec-fetch-mode": "cors",
  "sec-fetch-dest": "empty",
  "referer": "http://localhost:5173/",
  "accept-encoding": "gzip, deflate, br, zstd"
}

[2026-01-09T11:17:29.301Z] GET /api/classement/points
Headers: {
  "host": "127.0.0.1:3000",
  "connection": "keep-alive",
  "sec-ch-ua-platform": "\"Windows\"",
  "authorization": "Bearer undefined",
  "user-agent": "Mozilla/5.0 (Windows NT 10.0; Win64; x64) AppleWebKit/537.36 (KHTML, like Gecko) Chrome/143.0.0.0 Safari/537.36",
  "accept": "application/json, text/plain, */*",
  "sec-ch-ua": "\"Brave\";v=\"143\", \"Chromium\";v=\"143\", \"Not A(Brand\";v=\"24\"",
  "sec-ch-ua-mobile": "?0",
  "sec-gpc": "1",
  "accept-language": "fr-FR,fr;q=0.8",
  "origin": "http://localhost:5173",
  "sec-fetch-site": "cross-site",
  "sec-fetch-mode": "cors",
  "sec-fetch-dest": "empty",
  "referer": "http://localhost:5173/",
  "accept-encoding": "gzip, deflate, br, zstd"
}

[2026-01-09T11:17:29.305Z] POST /api/stagiaire/achievements/check
Headers: {
  "host": "127.0.0.1:3000",
  "connection": "keep-alive",
  "content-length": "2",
  "sec-ch-ua-platform": "\"Windows\"",
  "authorization": "Bearer undefined",
  "user-agent": "Mozilla/5.0 (Windows NT 10.0; Win64; x64) AppleWebKit/537.36 (KHTML, like Gecko) Chrome/143.0.0.0 Safari/537.36",
  "accept": "application/json, text/plain, */*",
  "sec-ch-ua": "\"Brave\";v=\"143\", \"Chromium\";v=\"143\", \"Not A(Brand\";v=\"24\"",
  "content-type": "application/json",
  "sec-ch-ua-mobile": "?0",
  "sec-gpc": "1",
  "accept-language": "fr-FR,fr;q=0.8",
  "origin": "http://localhost:5173",
  "sec-fetch-site": "cross-site",
  "sec-fetch-mode": "cors",
  "sec-fetch-dest": "empty",
  "referer": "http://localhost:5173/",
  "accept-encoding": "gzip, deflate, br, zstd"
}

[2026-01-09T11:17:29.309Z] POST /api/stagiaire/achievements/check
Headers: {
  "host": "127.0.0.1:3000",
  "connection": "keep-alive",
  "content-length": "2",
  "sec-ch-ua-platform": "\"Windows\"",
  "authorization": "Bearer undefined",
  "user-agent": "Mozilla/5.0 (Windows NT 10.0; Win64; x64) AppleWebKit/537.36 (KHTML, like Gecko) Chrome/143.0.0.0 Safari/537.36",
  "accept": "application/json, text/plain, */*",
  "sec-ch-ua": "\"Brave\";v=\"143\", \"Chromium\";v=\"143\", \"Not A(Brand\";v=\"24\"",
  "content-type": "application/json",
  "sec-ch-ua-mobile": "?0",
  "sec-gpc": "1",
  "accept-language": "fr-FR,fr;q=0.8",
  "origin": "http://localhost:5173",
  "sec-fetch-site": "cross-site",
  "sec-fetch-mode": "cors",
  "sec-fetch-dest": "empty",
  "referer": "http://localhost:5173/",
  "accept-encoding": "gzip, deflate, br, zstd"
}

[2026-01-09T11:17:29.312Z] GET /api/stagiaire/contacts
Headers: {
  "host": "127.0.0.1:3000",
  "connection": "keep-alive",
  "sec-ch-ua-platform": "\"Windows\"",
  "authorization": "Bearer undefined",
  "user-agent": "Mozilla/5.0 (Windows NT 10.0; Win64; x64) AppleWebKit/537.36 (KHTML, like Gecko) Chrome/143.0.0.0 Safari/537.36",
  "accept": "application/json, text/plain, */*",
  "sec-ch-ua": "\"Brave\";v=\"143\", \"Chromium\";v=\"143\", \"Not A(Brand\";v=\"24\"",
  "sec-ch-ua-mobile": "?0",
  "sec-gpc": "1",
  "accept-language": "fr-FR,fr;q=0.8",
  "origin": "http://localhost:5173",
  "sec-fetch-site": "cross-site",
  "sec-fetch-mode": "cors",
  "sec-fetch-dest": "empty",
  "referer": "http://localhost:5173/",
  "accept-encoding": "gzip, deflate, br, zstd"
}

[2026-01-09T11:17:29.314Z] GET /api/catalogueFormations/with-formations?page=1&category=Tous
Headers: {
  "host": "127.0.0.1:3000",
  "connection": "keep-alive",
  "sec-ch-ua-platform": "\"Windows\"",
  "authorization": "Bearer undefined",
  "user-agent": "Mozilla/5.0 (Windows NT 10.0; Win64; x64) AppleWebKit/537.36 (KHTML, like Gecko) Chrome/143.0.0.0 Safari/537.36",
  "accept": "application/json",
  "sec-ch-ua": "\"Brave\";v=\"143\", \"Chromium\";v=\"143\", \"Not A(Brand\";v=\"24\"",
  "sec-ch-ua-mobile": "?0",
  "sec-gpc": "1",
  "accept-language": "fr-FR,fr;q=0.8",
  "origin": "http://localhost:5173",
  "sec-fetch-site": "cross-site",
  "sec-fetch-mode": "cors",
  "sec-fetch-dest": "empty",
  "referer": "http://localhost:5173/",
  "accept-encoding": "gzip, deflate, br, zstd"
}

[2026-01-09T11:17:29.317Z] GET /api/stagiaire/profile
Headers: {
  "host": "127.0.0.1:3000",
  "connection": "keep-alive",
  "sec-ch-ua-platform": "\"Windows\"",
  "authorization": "Bearer undefined",
  "user-agent": "Mozilla/5.0 (Windows NT 10.0; Win64; x64) AppleWebKit/537.36 (KHTML, like Gecko) Chrome/143.0.0.0 Safari/537.36",
  "accept": "application/json, text/plain, */*",
  "sec-ch-ua": "\"Brave\";v=\"143\", \"Chromium\";v=\"143\", \"Not A(Brand\";v=\"24\"",
  "sec-ch-ua-mobile": "?0",
  "sec-gpc": "1",
  "accept-language": "fr-FR,fr;q=0.8",
  "origin": "http://localhost:5173",
  "sec-fetch-site": "cross-site",
  "sec-fetch-mode": "cors",
  "sec-fetch-dest": "empty",
  "referer": "http://localhost:5173/",
  "accept-encoding": "gzip, deflate, br, zstd"
}

[2026-01-09T11:17:29.320Z] GET /api/quiz/categories
Headers: {
  "host": "127.0.0.1:3000",
  "connection": "keep-alive",
  "sec-ch-ua-platform": "\"Windows\"",
  "authorization": "Bearer undefined",
  "user-agent": "Mozilla/5.0 (Windows NT 10.0; Win64; x64) AppleWebKit/537.36 (KHTML, like Gecko) Chrome/143.0.0.0 Safari/537.36",
  "accept": "application/json, text/plain, */*",
  "sec-ch-ua": "\"Brave\";v=\"143\", \"Chromium\";v=\"143\", \"Not A(Brand\";v=\"24\"",
  "sec-ch-ua-mobile": "?0",
  "sec-gpc": "1",
  "accept-language": "fr-FR,fr;q=0.8",
  "origin": "http://localhost:5173",
  "sec-fetch-site": "cross-site",
  "sec-fetch-mode": "cors",
  "sec-fetch-dest": "empty",
  "referer": "http://localhost:5173/",
  "accept-encoding": "gzip, deflate, br, zstd",
  "if-none-match": "W/\"35-8W9hqkz7fZDRRqRU89tC9x0cVKQ\""
}

[2026-01-09T11:17:29.325Z] GET /api/catalogueFormations/formations
Headers: {
  "host": "127.0.0.1:3000",
  "connection": "keep-alive",
  "sec-ch-ua-platform": "\"Windows\"",
  "authorization": "Bearer undefined",
  "user-agent": "Mozilla/5.0 (Windows NT 10.0; Win64; x64) AppleWebKit/537.36 (KHTML, like Gecko) Chrome/143.0.0.0 Safari/537.36",
  "accept": "application/json, text/plain, */*",
  "sec-ch-ua": "\"Brave\";v=\"143\", \"Chromium\";v=\"143\", \"Not A(Brand\";v=\"24\"",
  "sec-ch-ua-mobile": "?0",
  "sec-gpc": "1",
  "accept-language": "fr-FR,fr;q=0.8",
  "origin": "http://localhost:5173",
  "sec-fetch-site": "cross-site",
  "sec-fetch-mode": "cors",
  "sec-fetch-dest": "empty",
  "referer": "http://localhost:5173/",
  "accept-encoding": "gzip, deflate, br, zstd",
  "if-none-match": "W/\"ff49-GcxFdPU2dJnPclEfzvnSjEhLjAc\""
}

[2026-01-09T11:17:29.329Z] GET /api/classement/points
Headers: {
  "host": "127.0.0.1:3000",
  "connection": "keep-alive",
  "sec-ch-ua-platform": "\"Windows\"",
  "authorization": "Bearer undefined",
  "user-agent": "Mozilla/5.0 (Windows NT 10.0; Win64; x64) AppleWebKit/537.36 (KHTML, like Gecko) Chrome/143.0.0.0 Safari/537.36",
  "accept": "application/json, text/plain, */*",
  "sec-ch-ua": "\"Brave\";v=\"143\", \"Chromium\";v=\"143\", \"Not A(Brand\";v=\"24\"",
  "sec-ch-ua-mobile": "?0",
  "sec-gpc": "1",
  "accept-language": "fr-FR,fr;q=0.8",
  "origin": "http://localhost:5173",
  "sec-fetch-site": "cross-site",
  "sec-fetch-mode": "cors",
  "sec-fetch-dest": "empty",
  "referer": "http://localhost:5173/",
  "accept-encoding": "gzip, deflate, br, zstd"
}

[2026-01-09T11:17:29.354Z] GET /api/catalogueFormations/formations
Headers: {
  "host": "127.0.0.1:3000",
  "connection": "keep-alive",
  "sec-ch-ua-platform": "\"Windows\"",
  "authorization": "Bearer undefined",
  "user-agent": "Mozilla/5.0 (Windows NT 10.0; Win64; x64) AppleWebKit/537.36 (KHTML, like Gecko) Chrome/143.0.0.0 Safari/537.36",
  "accept": "application/json, text/plain, */*",
  "sec-ch-ua": "\"Brave\";v=\"143\", \"Chromium\";v=\"143\", \"Not A(Brand\";v=\"24\"",
  "sec-ch-ua-mobile": "?0",
  "sec-gpc": "1",
  "accept-language": "fr-FR,fr;q=0.8",
  "origin": "http://localhost:5173",
  "sec-fetch-site": "cross-site",
  "sec-fetch-mode": "cors",
  "sec-fetch-dest": "empty",
  "referer": "http://localhost:5173/",
  "accept-encoding": "gzip, deflate, br, zstd",
  "if-none-match": "W/\"ff49-GcxFdPU2dJnPclEfzvnSjEhLjAc\""
}

[2026-01-09T11:20:43.024Z] POST /api/login
Headers: {
  "host": "127.0.0.1:3000",
  "connection": "keep-alive",
  "content-length": "46",
  "sec-ch-ua-platform": "\"Windows\"",
  "user-agent": "Mozilla/5.0 (Windows NT 10.0; Win64; x64) AppleWebKit/537.36 (KHTML, like Gecko) Chrome/143.0.0.0 Safari/537.36",
  "accept": "application/json",
  "sec-ch-ua": "\"Brave\";v=\"143\", \"Chromium\";v=\"143\", \"Not A(Brand\";v=\"24\"",
  "content-type": "application/json",
  "sec-ch-ua-mobile": "?0",
  "x-client-ip": "102.18.12.50",
  "sec-gpc": "1",
  "accept-language": "fr-FR,fr;q=0.8",
  "origin": "http://localhost:5173",
  "sec-fetch-site": "cross-site",
  "sec-fetch-mode": "cors",
  "sec-fetch-dest": "empty",
  "referer": "http://localhost:5173/",
  "accept-encoding": "gzip, deflate, br, zstd"
}

[2026-01-09T11:20:43.387Z] GET /api/stagiaire/contacts/commerciaux
Headers: {
  "host": "127.0.0.1:3000",
  "connection": "keep-alive",
  "sec-ch-ua-platform": "\"Windows\"",
  "authorization": "Bearer undefined",
  "user-agent": "Mozilla/5.0 (Windows NT 10.0; Win64; x64) AppleWebKit/537.36 (KHTML, like Gecko) Chrome/143.0.0.0 Safari/537.36",
  "accept": "application/json, text/plain, */*",
  "sec-ch-ua": "\"Brave\";v=\"143\", \"Chromium\";v=\"143\", \"Not A(Brand\";v=\"24\"",
  "sec-ch-ua-mobile": "?0",
  "sec-gpc": "1",
  "accept-language": "fr-FR,fr;q=0.8",
  "origin": "http://localhost:5173",
  "sec-fetch-site": "cross-site",
  "sec-fetch-mode": "cors",
  "sec-fetch-dest": "empty",
  "referer": "http://localhost:5173/",
  "accept-encoding": "gzip, deflate, br, zstd"
}

[2026-01-09T11:20:43.389Z] GET /api/stagiaire/contacts/formateurs
Headers: {
  "host": "127.0.0.1:3000",
  "connection": "keep-alive",
  "sec-ch-ua-platform": "\"Windows\"",
  "authorization": "Bearer undefined",
  "user-agent": "Mozilla/5.0 (Windows NT 10.0; Win64; x64) AppleWebKit/537.36 (KHTML, like Gecko) Chrome/143.0.0.0 Safari/537.36",
  "accept": "application/json, text/plain, */*",
  "sec-ch-ua": "\"Brave\";v=\"143\", \"Chromium\";v=\"143\", \"Not A(Brand\";v=\"24\"",
  "sec-ch-ua-mobile": "?0",
  "sec-gpc": "1",
  "accept-language": "fr-FR,fr;q=0.8",
  "origin": "http://localhost:5173",
  "sec-fetch-site": "cross-site",
  "sec-fetch-mode": "cors",
  "sec-fetch-dest": "empty",
  "referer": "http://localhost:5173/",
  "accept-encoding": "gzip, deflate, br, zstd"
}

[2026-01-09T11:20:43.394Z] GET /api/stagiaire/contacts/pole-relation
Headers: {
  "host": "127.0.0.1:3000",
  "connection": "keep-alive",
  "sec-ch-ua-platform": "\"Windows\"",
  "authorization": "Bearer undefined",
  "user-agent": "Mozilla/5.0 (Windows NT 10.0; Win64; x64) AppleWebKit/537.36 (KHTML, like Gecko) Chrome/143.0.0.0 Safari/537.36",
  "accept": "application/json, text/plain, */*",
  "sec-ch-ua": "\"Brave\";v=\"143\", \"Chromium\";v=\"143\", \"Not A(Brand\";v=\"24\"",
  "sec-ch-ua-mobile": "?0",
  "sec-gpc": "1",
  "accept-language": "fr-FR,fr;q=0.8",
  "origin": "http://localhost:5173",
  "sec-fetch-site": "cross-site",
  "sec-fetch-mode": "cors",
  "sec-fetch-dest": "empty",
  "referer": "http://localhost:5173/",
  "accept-encoding": "gzip, deflate, br, zstd"
}

[2026-01-09T11:20:43.397Z] GET /api/stagiaire/contacts/pole-save
Headers: {
  "host": "127.0.0.1:3000",
  "connection": "keep-alive",
  "sec-ch-ua-platform": "\"Windows\"",
  "authorization": "Bearer undefined",
  "user-agent": "Mozilla/5.0 (Windows NT 10.0; Win64; x64) AppleWebKit/537.36 (KHTML, like Gecko) Chrome/143.0.0.0 Safari/537.36",
  "accept": "application/json, text/plain, */*",
  "sec-ch-ua": "\"Brave\";v=\"143\", \"Chromium\";v=\"143\", \"Not A(Brand\";v=\"24\"",
  "sec-ch-ua-mobile": "?0",
  "sec-gpc": "1",
  "accept-language": "fr-FR,fr;q=0.8",
  "origin": "http://localhost:5173",
  "sec-fetch-site": "cross-site",
  "sec-fetch-mode": "cors",
  "sec-fetch-dest": "empty",
  "referer": "http://localhost:5173/",
  "accept-encoding": "gzip, deflate, br, zstd"
}

[2026-01-09T11:20:43.399Z] GET /api/stagiaire/quizzes
Headers: {
  "host": "127.0.0.1:3000",
  "connection": "keep-alive",
  "sec-ch-ua-platform": "\"Windows\"",
  "authorization": "Bearer undefined",
  "user-agent": "Mozilla/5.0 (Windows NT 10.0; Win64; x64) AppleWebKit/537.36 (KHTML, like Gecko) Chrome/143.0.0.0 Safari/537.36",
  "accept": "application/json, text/plain, */*",
  "sec-ch-ua": "\"Brave\";v=\"143\", \"Chromium\";v=\"143\", \"Not A(Brand\";v=\"24\"",
  "sec-ch-ua-mobile": "?0",
  "sec-gpc": "1",
  "accept-language": "fr-FR,fr;q=0.8",
  "origin": "http://localhost:5173",
  "sec-fetch-site": "cross-site",
  "sec-fetch-mode": "cors",
  "sec-fetch-dest": "empty",
  "referer": "http://localhost:5173/",
  "accept-encoding": "gzip, deflate, br, zstd"
}

[2026-01-09T11:20:43.405Z] GET /api/quiz/history
Headers: {
  "host": "127.0.0.1:3000",
  "connection": "keep-alive",
  "sec-ch-ua-platform": "\"Windows\"",
  "authorization": "Bearer undefined",
  "user-agent": "Mozilla/5.0 (Windows NT 10.0; Win64; x64) AppleWebKit/537.36 (KHTML, like Gecko) Chrome/143.0.0.0 Safari/537.36",
  "accept": "application/json, text/plain, */*",
  "sec-ch-ua": "\"Brave\";v=\"143\", \"Chromium\";v=\"143\", \"Not A(Brand\";v=\"24\"",
  "sec-ch-ua-mobile": "?0",
  "sec-gpc": "1",
  "accept-language": "fr-FR,fr;q=0.8",
  "origin": "http://localhost:5173",
  "sec-fetch-site": "cross-site",
  "sec-fetch-mode": "cors",
  "sec-fetch-dest": "empty",
  "referer": "http://localhost:5173/",
  "accept-encoding": "gzip, deflate, br, zstd"
}

[2026-01-09T11:20:43.409Z] GET /api/stagiaire/profile
Headers: {
  "host": "127.0.0.1:3000",
  "connection": "keep-alive",
  "sec-ch-ua-platform": "\"Windows\"",
  "authorization": "Bearer undefined",
  "user-agent": "Mozilla/5.0 (Windows NT 10.0; Win64; x64) AppleWebKit/537.36 (KHTML, like Gecko) Chrome/143.0.0.0 Safari/537.36",
  "accept": "application/json, text/plain, */*",
  "sec-ch-ua": "\"Brave\";v=\"143\", \"Chromium\";v=\"143\", \"Not A(Brand\";v=\"24\"",
  "sec-ch-ua-mobile": "?0",
  "sec-gpc": "1",
  "accept-language": "fr-FR,fr;q=0.8",
  "origin": "http://localhost:5173",
  "sec-fetch-site": "cross-site",
  "sec-fetch-mode": "cors",
  "sec-fetch-dest": "empty",
  "referer": "http://localhost:5173/",
  "accept-encoding": "gzip, deflate, br, zstd"
}

[2026-01-09T11:20:43.415Z] POST /api/stagiaire/achievements/check
Headers: {
  "host": "127.0.0.1:3000",
  "connection": "keep-alive",
  "content-length": "2",
  "sec-ch-ua-platform": "\"Windows\"",
  "authorization": "Bearer undefined",
  "user-agent": "Mozilla/5.0 (Windows NT 10.0; Win64; x64) AppleWebKit/537.36 (KHTML, like Gecko) Chrome/143.0.0.0 Safari/537.36",
  "accept": "application/json, text/plain, */*",
  "sec-ch-ua": "\"Brave\";v=\"143\", \"Chromium\";v=\"143\", \"Not A(Brand\";v=\"24\"",
  "content-type": "application/json",
  "sec-ch-ua-mobile": "?0",
  "sec-gpc": "1",
  "accept-language": "fr-FR,fr;q=0.8",
  "origin": "http://localhost:5173",
  "sec-fetch-site": "cross-site",
  "sec-fetch-mode": "cors",
  "sec-fetch-dest": "empty",
  "referer": "http://localhost:5173/",
  "accept-encoding": "gzip, deflate, br, zstd"
}

[2026-01-09T11:20:43.420Z] GET /api/catalogueFormations/stagiaire
Headers: {
  "host": "127.0.0.1:3000",
  "connection": "keep-alive",
  "sec-ch-ua-platform": "\"Windows\"",
  "authorization": "Bearer undefined",
  "user-agent": "Mozilla/5.0 (Windows NT 10.0; Win64; x64) AppleWebKit/537.36 (KHTML, like Gecko) Chrome/143.0.0.0 Safari/537.36",
  "accept": "application/json, text/plain, */*",
  "sec-ch-ua": "\"Brave\";v=\"143\", \"Chromium\";v=\"143\", \"Not A(Brand\";v=\"24\"",
  "sec-ch-ua-mobile": "?0",
  "sec-gpc": "1",
  "accept-language": "fr-FR,fr;q=0.8",
  "origin": "http://localhost:5173",
  "sec-fetch-site": "cross-site",
  "sec-fetch-mode": "cors",
  "sec-fetch-dest": "empty",
  "referer": "http://localhost:5173/",
  "accept-encoding": "gzip, deflate, br, zstd"
}

[2026-01-09T11:20:43.422Z] GET /api/classement/points
Headers: {
  "host": "127.0.0.1:3000",
  "connection": "keep-alive",
  "sec-ch-ua-platform": "\"Windows\"",
  "authorization": "Bearer undefined",
  "user-agent": "Mozilla/5.0 (Windows NT 10.0; Win64; x64) AppleWebKit/537.36 (KHTML, like Gecko) Chrome/143.0.0.0 Safari/537.36",
  "accept": "application/json, text/plain, */*",
  "sec-ch-ua": "\"Brave\";v=\"143\", \"Chromium\";v=\"143\", \"Not A(Brand\";v=\"24\"",
  "sec-ch-ua-mobile": "?0",
  "sec-gpc": "1",
  "accept-language": "fr-FR,fr;q=0.8",
  "origin": "http://localhost:5173",
  "sec-fetch-site": "cross-site",
  "sec-fetch-mode": "cors",
  "sec-fetch-dest": "empty",
  "referer": "http://localhost:5173/",
  "accept-encoding": "gzip, deflate, br, zstd"
}

[2026-01-09T11:20:43.426Z] POST /api/stagiaire/achievements/check
Headers: {
  "host": "127.0.0.1:3000",
  "connection": "keep-alive",
  "content-length": "2",
  "sec-ch-ua-platform": "\"Windows\"",
  "authorization": "Bearer undefined",
  "user-agent": "Mozilla/5.0 (Windows NT 10.0; Win64; x64) AppleWebKit/537.36 (KHTML, like Gecko) Chrome/143.0.0.0 Safari/537.36",
  "accept": "application/json, text/plain, */*",
  "sec-ch-ua": "\"Brave\";v=\"143\", \"Chromium\";v=\"143\", \"Not A(Brand\";v=\"24\"",
  "content-type": "application/json",
  "sec-ch-ua-mobile": "?0",
  "sec-gpc": "1",
  "accept-language": "fr-FR,fr;q=0.8",
  "origin": "http://localhost:5173",
  "sec-fetch-site": "cross-site",
  "sec-fetch-mode": "cors",
  "sec-fetch-dest": "empty",
  "referer": "http://localhost:5173/",
  "accept-encoding": "gzip, deflate, br, zstd"
}

[2026-01-09T11:20:43.434Z] GET /api/stagiaire/profile
Headers: {
  "host": "127.0.0.1:3000",
  "connection": "keep-alive",
  "sec-ch-ua-platform": "\"Windows\"",
  "authorization": "Bearer undefined",
  "user-agent": "Mozilla/5.0 (Windows NT 10.0; Win64; x64) AppleWebKit/537.36 (KHTML, like Gecko) Chrome/143.0.0.0 Safari/537.36",
  "accept": "application/json, text/plain, */*",
  "sec-ch-ua": "\"Brave\";v=\"143\", \"Chromium\";v=\"143\", \"Not A(Brand\";v=\"24\"",
  "sec-ch-ua-mobile": "?0",
  "sec-gpc": "1",
  "accept-language": "fr-FR,fr;q=0.8",
  "origin": "http://localhost:5173",
  "sec-fetch-site": "cross-site",
  "sec-fetch-mode": "cors",
  "sec-fetch-dest": "empty",
  "referer": "http://localhost:5173/",
  "accept-encoding": "gzip, deflate, br, zstd"
}

[2026-01-09T11:20:43.437Z] GET /api/quiz/history
Headers: {
  "host": "127.0.0.1:3000",
  "connection": "keep-alive",
  "sec-ch-ua-platform": "\"Windows\"",
  "authorization": "Bearer undefined",
  "user-agent": "Mozilla/5.0 (Windows NT 10.0; Win64; x64) AppleWebKit/537.36 (KHTML, like Gecko) Chrome/143.0.0.0 Safari/537.36",
  "accept": "application/json, text/plain, */*",
  "sec-ch-ua": "\"Brave\";v=\"143\", \"Chromium\";v=\"143\", \"Not A(Brand\";v=\"24\"",
  "sec-ch-ua-mobile": "?0",
  "sec-gpc": "1",
  "accept-language": "fr-FR,fr;q=0.8",
  "origin": "http://localhost:5173",
  "sec-fetch-site": "cross-site",
  "sec-fetch-mode": "cors",
  "sec-fetch-dest": "empty",
  "referer": "http://localhost:5173/",
  "accept-encoding": "gzip, deflate, br, zstd"
}

[2026-01-09T11:20:43.442Z] GET /api/catalogueFormations/stagiaire
Headers: {
  "host": "127.0.0.1:3000",
  "connection": "keep-alive",
  "sec-ch-ua-platform": "\"Windows\"",
  "authorization": "Bearer undefined",
  "user-agent": "Mozilla/5.0 (Windows NT 10.0; Win64; x64) AppleWebKit/537.36 (KHTML, like Gecko) Chrome/143.0.0.0 Safari/537.36",
  "accept": "application/json, text/plain, */*",
  "sec-ch-ua": "\"Brave\";v=\"143\", \"Chromium\";v=\"143\", \"Not A(Brand\";v=\"24\"",
  "sec-ch-ua-mobile": "?0",
  "sec-gpc": "1",
  "accept-language": "fr-FR,fr;q=0.8",
  "origin": "http://localhost:5173",
  "sec-fetch-site": "cross-site",
  "sec-fetch-mode": "cors",
  "sec-fetch-dest": "empty",
  "referer": "http://localhost:5173/",
  "accept-encoding": "gzip, deflate, br, zstd"
}

[2026-01-09T11:20:43.445Z] GET /api/classement/points
Headers: {
  "host": "127.0.0.1:3000",
  "connection": "keep-alive",
  "sec-ch-ua-platform": "\"Windows\"",
  "authorization": "Bearer undefined",
  "user-agent": "Mozilla/5.0 (Windows NT 10.0; Win64; x64) AppleWebKit/537.36 (KHTML, like Gecko) Chrome/143.0.0.0 Safari/537.36",
  "accept": "application/json, text/plain, */*",
  "sec-ch-ua": "\"Brave\";v=\"143\", \"Chromium\";v=\"143\", \"Not A(Brand\";v=\"24\"",
  "sec-ch-ua-mobile": "?0",
  "sec-gpc": "1",
  "accept-language": "fr-FR,fr;q=0.8",
  "origin": "http://localhost:5173",
  "sec-fetch-site": "cross-site",
  "sec-fetch-mode": "cors",
  "sec-fetch-dest": "empty",
  "referer": "http://localhost:5173/",
  "accept-encoding": "gzip, deflate, br, zstd"
}

[2026-01-09T11:20:43.448Z] GET /api/stagiaire/contacts
Headers: {
  "host": "127.0.0.1:3000",
  "connection": "keep-alive",
  "sec-ch-ua-platform": "\"Windows\"",
  "authorization": "Bearer undefined",
  "user-agent": "Mozilla/5.0 (Windows NT 10.0; Win64; x64) AppleWebKit/537.36 (KHTML, like Gecko) Chrome/143.0.0.0 Safari/537.36",
  "accept": "application/json, text/plain, */*",
  "sec-ch-ua": "\"Brave\";v=\"143\", \"Chromium\";v=\"143\", \"Not A(Brand\";v=\"24\"",
  "sec-ch-ua-mobile": "?0",
  "sec-gpc": "1",
  "accept-language": "fr-FR,fr;q=0.8",
  "origin": "http://localhost:5173",
  "sec-fetch-site": "cross-site",
  "sec-fetch-mode": "cors",
  "sec-fetch-dest": "empty",
  "referer": "http://localhost:5173/",
  "accept-encoding": "gzip, deflate, br, zstd"
}

[2026-01-09T11:20:43.450Z] GET /api/catalogueFormations/with-formations?page=1&category=Tous
Headers: {
  "host": "127.0.0.1:3000",
  "connection": "keep-alive",
  "sec-ch-ua-platform": "\"Windows\"",
  "authorization": "Bearer undefined",
  "user-agent": "Mozilla/5.0 (Windows NT 10.0; Win64; x64) AppleWebKit/537.36 (KHTML, like Gecko) Chrome/143.0.0.0 Safari/537.36",
  "accept": "application/json",
  "sec-ch-ua": "\"Brave\";v=\"143\", \"Chromium\";v=\"143\", \"Not A(Brand\";v=\"24\"",
  "sec-ch-ua-mobile": "?0",
  "sec-gpc": "1",
  "accept-language": "fr-FR,fr;q=0.8",
  "origin": "http://localhost:5173",
  "sec-fetch-site": "cross-site",
  "sec-fetch-mode": "cors",
  "sec-fetch-dest": "empty",
  "referer": "http://localhost:5173/",
  "accept-encoding": "gzip, deflate, br, zstd"
}

[2026-01-09T11:20:43.453Z] GET /api/quiz/categories
Headers: {
  "host": "127.0.0.1:3000",
  "connection": "keep-alive",
  "sec-ch-ua-platform": "\"Windows\"",
  "authorization": "Bearer undefined",
  "user-agent": "Mozilla/5.0 (Windows NT 10.0; Win64; x64) AppleWebKit/537.36 (KHTML, like Gecko) Chrome/143.0.0.0 Safari/537.36",
  "accept": "application/json, text/plain, */*",
  "sec-ch-ua": "\"Brave\";v=\"143\", \"Chromium\";v=\"143\", \"Not A(Brand\";v=\"24\"",
  "sec-ch-ua-mobile": "?0",
  "sec-gpc": "1",
  "accept-language": "fr-FR,fr;q=0.8",
  "origin": "http://localhost:5173",
  "sec-fetch-site": "cross-site",
  "sec-fetch-mode": "cors",
  "sec-fetch-dest": "empty",
  "referer": "http://localhost:5173/",
  "accept-encoding": "gzip, deflate, br, zstd",
  "if-none-match": "W/\"35-8W9hqkz7fZDRRqRU89tC9x0cVKQ\""
}

[2026-01-09T11:20:43.463Z] GET /api/catalogueFormations/formations
Headers: {
  "host": "127.0.0.1:3000",
  "connection": "keep-alive",
  "sec-ch-ua-platform": "\"Windows\"",
  "authorization": "Bearer undefined",
  "user-agent": "Mozilla/5.0 (Windows NT 10.0; Win64; x64) AppleWebKit/537.36 (KHTML, like Gecko) Chrome/143.0.0.0 Safari/537.36",
  "accept": "application/json, text/plain, */*",
  "sec-ch-ua": "\"Brave\";v=\"143\", \"Chromium\";v=\"143\", \"Not A(Brand\";v=\"24\"",
  "sec-ch-ua-mobile": "?0",
  "sec-gpc": "1",
  "accept-language": "fr-FR,fr;q=0.8",
  "origin": "http://localhost:5173",
  "sec-fetch-site": "cross-site",
  "sec-fetch-mode": "cors",
  "sec-fetch-dest": "empty",
  "referer": "http://localhost:5173/",
  "accept-encoding": "gzip, deflate, br, zstd",
  "if-none-match": "W/\"ff49-GcxFdPU2dJnPclEfzvnSjEhLjAc\""
}

[2026-01-09T11:20:43.478Z] GET /api/catalogueFormations/formations
Headers: {
  "host": "127.0.0.1:3000",
  "connection": "keep-alive",
  "sec-ch-ua-platform": "\"Windows\"",
  "authorization": "Bearer undefined",
  "user-agent": "Mozilla/5.0 (Windows NT 10.0; Win64; x64) AppleWebKit/537.36 (KHTML, like Gecko) Chrome/143.0.0.0 Safari/537.36",
  "accept": "application/json, text/plain, */*",
  "sec-ch-ua": "\"Brave\";v=\"143\", \"Chromium\";v=\"143\", \"Not A(Brand\";v=\"24\"",
  "sec-ch-ua-mobile": "?0",
  "sec-gpc": "1",
  "accept-language": "fr-FR,fr;q=0.8",
  "origin": "http://localhost:5173",
  "sec-fetch-site": "cross-site",
  "sec-fetch-mode": "cors",
  "sec-fetch-dest": "empty",
  "referer": "http://localhost:5173/",
  "accept-encoding": "gzip, deflate, br, zstd",
  "if-none-match": "W/\"ff49-GcxFdPU2dJnPclEfzvnSjEhLjAc\""
}

